#
# A fatal error has been detected by the Java Runtime Environment:
#
#  SIGBUS (0x7) at pc=0x00007f637f3a7582, pid=10965, tid=140064181372672
#
# JRE version: Java(TM) SE Runtime Environment (7.0_80-b15) (build 1.7.0_80-b15)
# Java VM: Java HotSpot(TM) 64-Bit Server VM (24.80-b11 mixed mode linux-amd64 compressed oops)
# Problematic frame:
# C  [libzip.so+0x4582]  newEntry+0x62
#
# Failed to write core dump. Core dumps have been disabled. To enable core dumping, try "ulimit -c unlimited" before starting Java again
#
# If you would like to submit a bug report, please visit:
#   http://bugreport.java.com/bugreport/crash.jsp
# The crash happened outside the Java Virtual Machine in native code.
# See problematic frame for where to report the bug.
#

---------------  T H R E A D  ---------------

Current thread (0x00007f6380a9e800):  JavaThread "Timer-1" daemon [_thread_in_native, id=10987, stack(0x00007f633bb6c000,0x00007f633bc6d000)]

siginfo:si_signo=SIGBUS: si_errno=0, si_code=2 (BUS_ADRERR), si_addr=0x00007f633bd241de

Registers:
RAX=0x00007f63301aac00, RBX=0x00007f6380650cb0, RCX=0x00007f6330000020, RDX=0x00007f63301aac00
RSP=0x00007f633bc66a50, RBP=0x00007f633bc66aa0, RSI=0x0000000000000003, RDI=0x00007f6330000020
R8 =0x0000000000001d79, R9 =0x00007f63301aabf0, R10=0x00007f637c48fbb8, R11=0x00000000dacaac80
R12=0x00007f633bd241c1, R13=0x00007f63301aac00, R14=0x000000003f0e0f81, R15=0x00007f638064a9a0
RIP=0x00007f637f3a7582, EFLAGS=0x0000000000010202, CSGSFS=0x0000000000000033, ERR=0x0000000000000004
  TRAPNO=0x000000000000000e

Top of Stack: (sp=0x00007f633bc66a50)
0x00007f633bc66a50:   0000000082c00c90 00007f6300000000
0x00007f633bc66a60:   00007f633bc66ae0 00007f63852cff0c
0x00007f633bc66a70:   00007f63301aac00 00007f6380650cb0
0x00007f633bc66a80:   00007f638064a9a0 00007f63302cd050
0x00007f633bc66a90:   000000003f0e0f81 00007f633bc66b00
0x00007f633bc66aa0:   00007f633bc66ae0 00007f637f3a7cb0
0x00007f633bc66ab0:   000000433bc66ae0 00007f633bc66b00
0x00007f633bc66ac0:   0000000000000043 00007f6380a9e9e8
0x00007f633bc66ad0:   00007f633bc66b00 00007f633bc66f58
0x00007f633bc66ae0:   00007f633bc66f40 00007f637f3a6aed
0x00007f633bc66af0:   01007f633bc66ca0 00007f638064a9a0
0x00007f633bc66b00:   676f6f672f6d6f63 6e657070612f656c
0x00007f633bc66b10:   6970612f656e6967 6f7473617461642f
0x00007f633bc66b20:   65727275432f6572 61736e617254746e
0x00007f633bc66b30:   6f72506e6f697463 6c632e7265646976
0x00007f633bc66b40:   00007f6300737361 0000003000000020
0x00007f633bc66b50:   00007f633bc66cb0 00007f633bc66bc0
0x00007f633bc66b60:   00007f6380a9e800 0000000000000000
0x00007f633bc66b70:   0000000000000000 ffffffff00000000
0x00007f633bc66b80:   0000003000000018 00007f633bc66cb0
0x00007f633bc66b90:   00007f633bc66bc0 00007f633bc66c40
0x00007f633bc66ba0:   00007f630000000d 00007f6330001638
0x00007f633bc66bb0:   00007f630000000a 00007f633bc66c30
0x00007f633bc66bc0:   000000000000008c 0000000000000000
0x00007f633bc66bd0:   00007f633bc66bc0 00007f638008c220
0x00007f633bc66be0:   ffff809cc43993d1 00007f633bc66c2f
0x00007f633bc66bf0:   0000000000000002 000000320000000a
0x00007f633bc66c00:   0000000000000000 0000000000000000
0x00007f633bc66c10:   0000000082c00c90 00007f6380a9e800
0x00007f633bc66c20:   00007f633bc66ca0 00007f6385140b38
0x00007f633bc66c30:   0000000000000000 00007f63302cd0f0
0x00007f633bc66c40:   00007f6380a9e800 0000000000000001 

Instructions: (pc=0x00007f637f3a7582)
0x00007f637f3a7562:   00 48 c7 40 28 00 00 00 00 41 80 7f 30 00 0f 84
0x00007f637f3a7572:   8a 02 00 00 4c 8b 63 08 4d 2b 67 28 4d 03 67 18
0x00007f637f3a7582:   41 0f b6 5c 24 1d 41 0f b6 44 24 1c c1 e3 08 09
0x00007f637f3a7592:   c3 41 0f b6 44 24 1e 88 45 bd 41 0f b6 54 24 20 

Register to memory mapping:

RAX=0x00007f63301aac00 is an unknown value
RBX=0x00007f6380650cb0 is an unknown value
RCX=0x00007f6330000020 is an unknown value
RDX=0x00007f63301aac00 is an unknown value
RSP=0x00007f633bc66a50 is pointing into the stack for thread: 0x00007f6380a9e800
RBP=0x00007f633bc66aa0 is pointing into the stack for thread: 0x00007f6380a9e800
RSI=0x0000000000000003 is an unknown value
RDI=0x00007f6330000020 is an unknown value
R8 =0x0000000000001d79 is an unknown value
R9 =0x00007f63301aabf0 is an unknown value
R10=0x00007f637c48fbb8 is at entry_point+88 in (nmethod*)0x00007f637c48f9d0
R11=0x00000000dacaac80 is an unknown value
R12=0x00007f633bd241c1 is an unknown value
R13=0x00007f63301aac00 is an unknown value
R14=0x000000003f0e0f81 is an unknown value
R15=0x00007f638064a9a0 is an unknown value


Stack: [0x00007f633bb6c000,0x00007f633bc6d000],  sp=0x00007f633bc66a50,  free space=1002k
Native frames: (J=compiled Java code, j=interpreted, Vv=VM code, C=native code)
C  [libzip.so+0x4582]  newEntry+0x62
C  [libzip.so+0x4cb0]  ZIP_GetEntry+0xd0
C  [libzip.so+0x3aed]  Java_java_util_zip_ZipFile_getEntry+0xad
J 245  java.util.zip.ZipFile.getEntry(J[BZ)J (0 bytes) @ 0x00007f637c48fc2e [0x00007f637c48fb60+0xce]

Java frames: (J=compiled Java code, j=interpreted, Vv=VM code)
J 245  java.util.zip.ZipFile.getEntry(J[BZ)J (0 bytes) @ 0x00007f637c48fbb8 [0x00007f637c48fb60+0x58]
J 248 C2 sun.misc.URLClassPath.getResource(Ljava/lang/String;Z)Lsun/misc/Resource; (74 bytes) @ 0x00007f637c4c07a8 [0x00007f637c4c0600+0x1a8]
j  java.net.URLClassLoader$1.run()Ljava/lang/Class;+26
j  java.net.URLClassLoader$1.run()Ljava/lang/Object;+1
v  ~StubRoutines::call_stub
j  java.security.AccessController.doPrivileged(Ljava/security/PrivilegedExceptionAction;Ljava/security/AccessControlContext;)Ljava/lang/Object;+0
j  java.net.URLClassLoader.findClass(Ljava/lang/String;)Ljava/lang/Class;+13
j  java.lang.ClassLoader.loadClass(Ljava/lang/String;Z)Ljava/lang/Class;+70
j  com.google.appengine.tools.development.IsolatedAppClassLoader.loadClass(Ljava/lang/String;Z)Ljava/lang/Class;+95
j  java.lang.ClassLoader.loadClass(Ljava/lang/String;)Ljava/lang/Class;+3
v  ~StubRoutines::call_stub
j  java.lang.ClassLoader.defineClass1(Ljava/lang/String;[BIILjava/security/ProtectionDomain;Ljava/lang/String;)Ljava/lang/Class;+0
j  java.lang.ClassLoader.defineClass(Ljava/lang/String;[BIILjava/security/ProtectionDomain;)Ljava/lang/Class;+30
j  java.security.SecureClassLoader.defineClass(Ljava/lang/String;[BIILjava/security/CodeSource;)Ljava/lang/Class;+12
j  java.net.URLClassLoader.defineClass(Ljava/lang/String;Lsun/misc/Resource;)Ljava/lang/Class;+220
j  java.net.URLClassLoader.access$100(Ljava/net/URLClassLoader;Ljava/lang/String;Lsun/misc/Resource;)Ljava/lang/Class;+3
j  java.net.URLClassLoader$1.run()Ljava/lang/Class;+43
j  java.net.URLClassLoader$1.run()Ljava/lang/Object;+1
v  ~StubRoutines::call_stub
j  java.security.AccessController.doPrivileged(Ljava/security/PrivilegedExceptionAction;Ljava/security/AccessControlContext;)Ljava/lang/Object;+0
j  java.net.URLClassLoader.findClass(Ljava/lang/String;)Ljava/lang/Class;+13
j  java.lang.ClassLoader.loadClass(Ljava/lang/String;Z)Ljava/lang/Class;+70
j  com.google.appengine.tools.development.IsolatedAppClassLoader.loadClass(Ljava/lang/String;Z)Ljava/lang/Class;+95
j  java.lang.ClassLoader.loadClass(Ljava/lang/String;)Ljava/lang/Class;+3
v  ~StubRoutines::call_stub
j  com.google.appengine.api.datastore.DatastoreServiceImpl.<init>(Lcom/google/appengine/api/datastore/DatastoreServiceConfig;Lcom/google/appengine/api/datastore/TransactionStack;)V+7
j  com.google.appengine.api.datastore.DatastoreServiceFactoryImpl.getDatastoreService(Lcom/google/appengine/api/datastore/DatastoreServiceConfig;)Lcom/google/appengine/api/datastore/DatastoreService;+12
j  com.google.appengine.api.datastore.DatastoreServiceFactory.getDatastoreService(Lcom/google/appengine/api/datastore/DatastoreServiceConfig;)Lcom/google/appengine/api/datastore/DatastoreService;+4
j  com.google.appengine.api.datastore.DatastoreServiceFactory.getDatastoreService()Lcom/google/appengine/api/datastore/DatastoreService;+3
j  com.google.apphosting.utils.servlet.TransactionCleanupFilter.getDatastoreService()Lcom/google/appengine/api/datastore/DatastoreService;+0
j  com.google.apphosting.utils.servlet.TransactionCleanupFilter.init(Ljavax/servlet/FilterConfig;)V+2
j  org.mortbay.jetty.servlet.FilterHolder.doStart()V+105
j  org.mortbay.component.AbstractLifeCycle.start()V+31
j  org.mortbay.jetty.servlet.ServletHandler.initialize()V+32
j  org.mortbay.jetty.servlet.Context.startContext()V+25
j  org.mortbay.jetty.webapp.WebAppContext.startContext()V+126
j  org.mortbay.jetty.handler.ContextHandler.doStart()V+141
j  org.mortbay.jetty.webapp.WebAppContext.doStart()V+220
j  org.mortbay.component.AbstractLifeCycle.start()V+31
j  org.mortbay.jetty.handler.HandlerWrapper.doStart()V+11
j  org.mortbay.component.AbstractLifeCycle.start()V+31
j  com.google.appengine.tools.development.JettyContainerService.reloadWebApp()V+163
j  com.google.appengine.tools.development.JettyContainerService$2.filesChanged(Ljava/util/List;)V+12
j  org.mortbay.util.Scanner.reportBulkChanges(Ljava/util/List;)V+38
j  org.mortbay.util.Scanner.reportDifferences(Ljava/util/Map;Ljava/util/Map;)V+345
j  org.mortbay.util.Scanner.scan()V+13
j  org.mortbay.util.Scanner$1.run()V+4
j  java.util.TimerThread.mainLoop()V+221
j  java.util.TimerThread.run()V+1
v  ~StubRoutines::call_stub

---------------  P R O C E S S  ---------------

Java Threads: ( => current thread )
=>0x00007f6380a9e800 JavaThread "Timer-1" daemon [_thread_in_native, id=10987, stack(0x00007f633bb6c000,0x00007f633bc6d000)]
  0x00007f6380640800 JavaThread "1991929472@qtp-1003941125-1 - Acceptor0 SelectChannelConnector@127.0.0.1:8080" [_thread_in_native, id=10986, stack(0x00007f633bdfe000,0x00007f633beff000)]
  0x00007f638063f800 JavaThread "1483299717@qtp-1003941125-0" [_thread_blocked, id=10985, stack(0x00007f633beff000,0x00007f633c000000)]
  0x00007f6380232800 JavaThread "Timer-0" daemon [_thread_blocked, id=10982, stack(0x00007f6379428000,0x00007f6379529000)]
  0x00007f63801d8800 JavaThread "Service Thread" daemon [_thread_blocked, id=10980, stack(0x00007f637962a000,0x00007f637972b000)]
  0x00007f63801d1800 JavaThread "C2 CompilerThread1" daemon [_thread_in_native, id=10979, stack(0x00007f637972b000,0x00007f637982c000)]
  0x00007f63801cf000 JavaThread "C2 CompilerThread0" daemon [_thread_in_native, id=10978, stack(0x00007f637982c000,0x00007f637992d000)]
  0x00007f6380162000 JavaThread "Signal Dispatcher" daemon [_thread_blocked, id=10977, stack(0x00007f63799c4000,0x00007f6379ac5000)]
  0x00007f6380139000 JavaThread "Finalizer" daemon [_thread_blocked, id=10976, stack(0x00007f637a1a7000,0x00007f637a2a8000)]
  0x00007f6380137000 JavaThread "Reference Handler" daemon [_thread_blocked, id=10975, stack(0x00007f637a2a8000,0x00007f637a3a9000)]
  0x00007f638000b000 JavaThread "main" [_thread_blocked, id=10967, stack(0x00007f638646a000,0x00007f638656b000)]

Other Threads:
  0x00007f6380132800 VMThread [stack: 0x00007f637a3a9000,0x00007f637a4aa000] [id=10974]
  0x00007f63801e3800 WatcherThread [stack: 0x00007f6379529000,0x00007f637962a000] [id=10981]

VM state:not at safepoint (normal execution)

VM Mutex/Monitor currently owned by a thread: None

Heap
 PSYoungGen      total 66560K, used 52046K [0x00000000d7f00000, 0x00000000dc500000, 0x0000000100000000)
  eden space 61440K, 76% used [0x00000000d7f00000,0x00000000dacd7650,0x00000000dbb00000)
  from space 5120K, 99% used [0x00000000dc000000,0x00000000dc4fc260,0x00000000dc500000)
  to   space 5120K, 0% used [0x00000000dbb00000,0x00000000dbb00000,0x00000000dc000000)
 ParOldGen       total 81920K, used 10135K [0x0000000087e00000, 0x000000008ce00000, 0x00000000d7f00000)
  object space 81920K, 12% used [0x0000000087e00000,0x00000000887e5d28,0x000000008ce00000)
 PSPermGen       total 21504K, used 19498K [0x0000000082c00000, 0x0000000084100000, 0x0000000087e00000)
  object space 21504K, 90% used [0x0000000082c00000,0x0000000083f0abb0,0x0000000084100000)

Card table byte_map: [0x00007f637bfb8000,0x00007f637c3a3000] byte_map_base: 0x00007f637bba2000

Polling page: 0x00007f6386587000

Code Cache  [0x00007f637c3a3000, 0x00007f637c613000, 0x00007f637f3a3000)
 total_blobs=684 nmethods=351 adapters=286 free_code_cache=47767Kb largest_free_block=48855232

Compilation events (10 events):
Event: 58.023 Thread 0x00007f63801cf000 nmethod 377 0x00007f637c4e0f50 code [0x00007f637c4e10a0, 0x00007f637c4e1238]
Event: 58.023 Thread 0x00007f63801cf000  378             com.sun.org.apache.xerces.internal.impl.XMLDocumentFragmentScannerImpl::access$100 (5 bytes)
Event: 58.023 Thread 0x00007f63801cf000 nmethod 378 0x00007f637c45d310 code [0x00007f637c45d440, 0x00007f637c45d498]
Event: 58.023 Thread 0x00007f63801cf000  379             com.sun.org.apache.xerces.internal.utils.XMLLimitAnalyzer::isTracking (18 bytes)
Event: 58.024 Thread 0x00007f63801cf000 nmethod 379 0x00007f637c4e0c50 code [0x00007f637c4e0d80, 0x00007f637c4e0ed8]
Event: 58.024 Thread 0x00007f63801cf000  380             com.sun.org.apache.xerces.internal.util.NamespaceSupport::getURI (38 bytes)
Event: 58.025 Thread 0x00007f63801cf000 nmethod 380 0x00007f637c4e08d0 code [0x00007f637c4e0a20, 0x00007f637c4e0b58]
Event: 58.025 Thread 0x00007f63801cf000  381             com.sun.org.apache.xerces.internal.util.NamespaceSupport::getDeclaredPrefixCount (17 bytes)
Event: 58.026 Thread 0x00007f63801cf000 nmethod 381 0x00007f637c45dd10 code [0x00007f637c45de60, 0x00007f637c45def8]
Event: 58.026 Thread 0x00007f63801cf000  382   !         com.sun.org.apache.xerces.internal.impl.XMLDocumentFragmentScannerImpl$FragmentContentDriver::next (2345 bytes)

GC Heap History (8 events):
Event: 1.386 GC heap before
{Heap before GC invocations=1 (full 0):
 PSYoungGen      total 35840K, used 30720K [0x00000000d7f00000, 0x00000000da700000, 0x0000000100000000)
  eden space 30720K, 100% used [0x00000000d7f00000,0x00000000d9d00000,0x00000000d9d00000)
  from space 5120K, 0% used [0x00000000da200000,0x00000000da200000,0x00000000da700000)
  to   space 5120K, 0% used [0x00000000d9d00000,0x00000000d9d00000,0x00000000da200000)
 ParOldGen       total 81920K, used 0K [0x0000000087e00000, 0x000000008ce00000, 0x00000000d7f00000)
  object space 81920K, 0% used [0x0000000087e00000,0x0000000087e00000,0x000000008ce00000)
 PSPermGen       total 21504K, used 10861K [0x0000000082c00000, 0x0000000084100000, 0x0000000087e00000)
  object space 21504K, 50% used [0x0000000082c00000,0x000000008369b490,0x0000000084100000)
Event: 1.392 GC heap after
Heap after GC invocations=1 (full 0):
 PSYoungGen      total 35840K, used 5095K [0x00000000d7f00000, 0x00000000da700000, 0x0000000100000000)
  eden space 30720K, 0% used [0x00000000d7f00000,0x00000000d7f00000,0x00000000d9d00000)
  from space 5120K, 99% used [0x00000000d9d00000,0x00000000da1f9e60,0x00000000da200000)
  to   space 5120K, 0% used [0x00000000da200000,0x00000000da200000,0x00000000da700000)
 ParOldGen       total 81920K, used 665K [0x0000000087e00000, 0x000000008ce00000, 0x00000000d7f00000)
  object space 81920K, 0% used [0x0000000087e00000,0x0000000087ea66a0,0x000000008ce00000)
 PSPermGen       total 21504K, used 10861K [0x0000000082c00000, 0x0000000084100000, 0x0000000087e00000)
  object space 21504K, 50% used [0x0000000082c00000,0x000000008369b490,0x0000000084100000)
}
Event: 1.800 GC heap before
{Heap before GC invocations=2 (full 0):
 PSYoungGen      total 35840K, used 35815K [0x00000000d7f00000, 0x00000000da700000, 0x0000000100000000)
  eden space 30720K, 100% used [0x00000000d7f00000,0x00000000d9d00000,0x00000000d9d00000)
  from space 5120K, 99% used [0x00000000d9d00000,0x00000000da1f9e60,0x00000000da200000)
  to   space 5120K, 0% used [0x00000000da200000,0x00000000da200000,0x00000000da700000)
 ParOldGen       total 81920K, used 665K [0x0000000087e00000, 0x000000008ce00000, 0x00000000d7f00000)
  object space 81920K, 0% used [0x0000000087e00000,0x0000000087ea66a0,0x000000008ce00000)
 PSPermGen       total 21504K, used 15331K [0x0000000082c00000, 0x0000000084100000, 0x0000000087e00000)
  object space 21504K, 71% used [0x0000000082c00000,0x0000000083af8ff0,0x0000000084100000)
Event: 1.808 GC heap after
Heap after GC invocations=2 (full 0):
 PSYoungGen      total 35840K, used 5100K [0x00000000d7f00000, 0x00000000dc500000, 0x0000000100000000)
  eden space 30720K, 0% used [0x00000000d7f00000,0x00000000d7f00000,0x00000000d9d00000)
  from space 5120K, 99% used [0x00000000da200000,0x00000000da6fb088,0x00000000da700000)
  to   space 5120K, 0% used [0x00000000d9d00000,0x00000000d9d00000,0x00000000da200000)
 ParOldGen       total 81920K, used 3588K [0x0000000087e00000, 0x000000008ce00000, 0x00000000d7f00000)
  object space 81920K, 4% used [0x0000000087e00000,0x0000000088181328,0x000000008ce00000)
 PSPermGen       total 21504K, used 15331K [0x0000000082c00000, 0x0000000084100000, 0x0000000087e00000)
  object space 21504K, 71% used [0x0000000082c00000,0x0000000083af8ff0,0x0000000084100000)
}
Event: 2.169 GC heap before
{Heap before GC invocations=3 (full 0):
 PSYoungGen      total 35840K, used 35820K [0x00000000d7f00000, 0x00000000dc500000, 0x0000000100000000)
  eden space 30720K, 100% used [0x00000000d7f00000,0x00000000d9d00000,0x00000000d9d00000)
  from space 5120K, 99% used [0x00000000da200000,0x00000000da6fb088,0x00000000da700000)
  to   space 5120K, 0% used [0x00000000d9d00000,0x00000000d9d00000,0x00000000da200000)
 ParOldGen       total 81920K, used 3588K [0x0000000087e00000, 0x000000008ce00000, 0x00000000d7f00000)
  object space 81920K, 4% used [0x0000000087e00000,0x0000000088181328,0x000000008ce00000)
 PSPermGen       total 21504K, used 16196K [0x0000000082c00000, 0x0000000084100000, 0x0000000087e00000)
  object space 21504K, 75% used [0x0000000082c00000,0x0000000083bd11e0,0x0000000084100000)
Event: 2.178 GC heap after
Heap after GC invocations=3 (full 0):
 PSYoungGen      total 35840K, used 5104K [0x00000000d7f00000, 0x00000000dc500000, 0x0000000100000000)
  eden space 30720K, 0% used [0x00000000d7f00000,0x00000000d7f00000,0x00000000d9d00000)
  from space 5120K, 99% used [0x00000000d9d00000,0x00000000da1fc3d0,0x00000000da200000)
  to   space 5120K, 0% used [0x00000000dc000000,0x00000000dc000000,0x00000000dc500000)
 ParOldGen       total 81920K, used 7286K [0x0000000087e00000, 0x000000008ce00000, 0x00000000d7f00000)
  object space 81920K, 8% used [0x0000000087e00000,0x000000008851da48,0x000000008ce00000)
 PSPermGen       total 21504K, used 16196K [0x0000000082c00000, 0x0000000084100000, 0x0000000087e00000)
  object space 21504K, 75% used [0x0000000082c00000,0x0000000083bd11e0,0x0000000084100000)
}
Event: 2.523 GC heap before
{Heap before GC invocations=4 (full 0):
 PSYoungGen      total 35840K, used 35824K [0x00000000d7f00000, 0x00000000dc500000, 0x0000000100000000)
  eden space 30720K, 100% used [0x00000000d7f00000,0x00000000d9d00000,0x00000000d9d00000)
  from space 5120K, 99% used [0x00000000d9d00000,0x00000000da1fc3d0,0x00000000da200000)
  to   space 5120K, 0% used [0x00000000dc000000,0x00000000dc000000,0x00000000dc500000)
 ParOldGen       total 81920K, used 7286K [0x0000000087e00000, 0x000000008ce00000, 0x00000000d7f00000)
  object space 81920K, 8% used [0x0000000087e00000,0x000000008851da48,0x000000008ce00000)
 PSPermGen       total 21504K, used 17537K [0x0000000082c00000, 0x0000000084100000, 0x0000000087e00000)
  object space 21504K, 81% used [0x0000000082c00000,0x0000000083d20468,0x0000000084100000)
Event: 2.537 GC heap after
Heap after GC invocations=4 (full 0):
 PSYoungGen      total 66560K, used 5104K [0x00000000d7f00000, 0x00000000dc500000, 0x0000000100000000)
  eden space 61440K, 0% used [0x00000000d7f00000,0x00000000d7f00000,0x00000000dbb00000)
  from space 5120K, 99% used [0x00000000dc000000,0x00000000dc4fc260,0x00000000dc500000)
  to   space 5120K, 0% used [0x00000000dbb00000,0x00000000dbb00000,0x00000000dc000000)
 ParOldGen       total 81920K, used 10135K [0x0000000087e00000, 0x000000008ce00000, 0x00000000d7f00000)
  object space 81920K, 12% used [0x0000000087e00000,0x00000000887e5d28,0x000000008ce00000)
 PSPermGen       total 21504K, used 17537K [0x0000000082c00000, 0x0000000084100000, 0x0000000087e00000)
  object space 21504K, 81% used [0x0000000082c00000,0x0000000083d20468,0x0000000084100000)
}

Deoptimization events (10 events):
Event: 30.109 Thread 0x00007f6380232800 Uncommon trap: reason=unstable_if action=reinterpret pc=0x00007f637c41bdf4 method=java.lang.ThreadLocal.get()Ljava/lang/Object; @ 11
Event: 32.670 Thread 0x00007f6380a9e800 Uncommon trap: reason=unstable_if action=reinterpret pc=0x00007f637c4e18fc method=java.io.ExpiringCache.entryFor(Ljava/lang/String;)Ljava/io/ExpiringCache$Entry; @ 39
Event: 57.682 Thread 0x00007f6380a9e800 Uncommon trap: reason=unstable_if action=reinterpret pc=0x00007f637c4b9bc0 method=java.security.BasicPermission.init(Ljava/lang/String;)V @ 44
Event: 57.682 Thread 0x00007f6380a9e800 Uncommon trap: reason=unstable_if action=reinterpret pc=0x00007f637c4bed20 method=java.util.PropertyPermission.getMask(Ljava/lang/String;)I @ 11
Event: 57.683 Thread 0x00007f6380a9e800 Uncommon trap: reason=unstable_if action=reinterpret pc=0x00007f637c4c62f0 method=java.lang.Boolean.toBoolean(Ljava/lang/String;)Z @ 1
Event: 57.684 Thread 0x00007f6380a9e800 Uncommon trap: reason=unstable_if action=reinterpret pc=0x00007f637c4973e8 method=org.mortbay.xml.XmlParser$Handler.startElement(Ljava/lang/String;Ljava/lang/String;Ljava/lang/String;Lorg/xml/sax/Attributes;)V @ 44
Event: 57.684 Thread 0x00007f6380a9e800 Uncommon trap: reason=unstable_if action=reinterpret pc=0x00007f637c4a7b1c method=com.sun.org.apache.xerces.internal.impl.XMLDocumentFragmentScannerImpl$FragmentContentDriver.next()I @ 448
Event: 57.690 Thread 0x00007f6380a9e800 Uncommon trap: reason=unstable_if action=reinterpret pc=0x00007f637c4c4f90 method=java.security.BasicPermission.init(Ljava/lang/String;)V @ 44
Event: 57.690 Thread 0x00007f6380a9e800 Uncommon trap: reason=unstable_if action=reinterpret pc=0x00007f637c4ba380 method=java.security.BasicPermission.init(Ljava/lang/String;)V @ 44
Event: 57.813 Thread 0x00007f6380a9e800 Uncommon trap: reason=unstable_if action=reinterpret pc=0x00007f637c48ff64 method=com.sun.org.apache.xerces.internal.impl.XMLEntityScanner.peekChar()I @ 14

Internal exceptions (10 events):
Event: 57.733 Thread 0x00007f6380a9e800 Threw 0x00000000d91f4f00 at /HUDSON/workspace/7u-2-build-linux-amd64/jdk7u80/2329/hotspot/src/share/vm/prims/jvm.cpp:1319
Event: 57.733 Thread 0x00007f6380a9e800 Threw 0x00000000d91f5f40 at /HUDSON/workspace/7u-2-build-linux-amd64/jdk7u80/2329/hotspot/src/share/vm/prims/jvm.cpp:1319
Event: 57.733 Thread 0x00007f6380a9e800 Threw 0x00000000d91f6068 at /HUDSON/workspace/7u-2-build-linux-amd64/jdk7u80/2329/hotspot/src/share/vm/prims/jvm.cpp:1319
Event: 57.733 Thread 0x00007f6380a9e800 Threw 0x00000000d91f6f68 at /HUDSON/workspace/7u-2-build-linux-amd64/jdk7u80/2329/hotspot/src/share/vm/prims/jvm.cpp:1319
Event: 57.733 Thread 0x00007f6380a9e800 Threw 0x00000000d91f7090 at /HUDSON/workspace/7u-2-build-linux-amd64/jdk7u80/2329/hotspot/src/share/vm/prims/jvm.cpp:1319
Event: 57.733 Thread 0x00007f6380a9e800 Threw 0x00000000d91f8730 at /HUDSON/workspace/7u-2-build-linux-amd64/jdk7u80/2329/hotspot/src/share/vm/prims/jvm.cpp:1319
Event: 57.733 Thread 0x00007f6380a9e800 Threw 0x00000000d91f8858 at /HUDSON/workspace/7u-2-build-linux-amd64/jdk7u80/2329/hotspot/src/share/vm/prims/jvm.cpp:1319
Event: 57.744 Thread 0x00007f6380a9e800 Threw 0x00000000d9268998 at /HUDSON/workspace/7u-2-build-linux-amd64/jdk7u80/2329/hotspot/src/share/vm/prims/jvm.cpp:1319
Event: 57.903 Thread 0x00007f6380a9e800 Threw 0x00000000d9d070a8 at /HUDSON/workspace/7u-2-build-linux-amd64/jdk7u80/2329/hotspot/src/share/vm/prims/jvm.cpp:1319
Event: 57.903 Thread 0x00007f6380a9e800 Threw 0x00000000d9d0d848 at /HUDSON/workspace/7u-2-build-linux-amd64/jdk7u80/2329/hotspot/src/share/vm/prims/jvm.cpp:1319

Events (10 events):
Event: 58.291 loading class 0x00007f63808b1bb0
Event: 58.292 loading class 0x00007f63808b1bb0 done
Event: 58.293 loading class 0x00007f6380a5dfa0
Event: 58.293 loading class 0x00007f6380a5dfa0 done
Event: 58.295 loading class 0x00007f6380a5e000
Event: 58.295 loading class 0x00007f6380a5e000 done
Event: 58.297 loading class 0x00007f63808f0e40
Event: 58.297 loading class 0x00007f63808f0e40 done
Event: 58.317 loading class 0x00007f6380a5d8c0
Event: 58.317 loading class 0x00007f6380a5d8c0 done


Dynamic libraries:
00400000-00401000 r-xp 00000000 08:06 7872212                            /usr/lib/jvm/java-7-oracle/jre/bin/java
00600000-00601000 rw-p 00000000 08:06 7872212                            /usr/lib/jvm/java-7-oracle/jre/bin/java
00d4b000-00d6c000 rw-p 00000000 00:00 0                                  [heap]
82c00000-84100000 rw-p 00000000 00:00 0 
84100000-87e00000 rw-p 00000000 00:00 0 
87e00000-8ce00000 rw-p 00000000 00:00 0 
8ce00000-d7f00000 rw-p 00000000 00:00 0 
d7f00000-dc500000 rw-p 00000000 00:00 0 
dc500000-100000000 rw-p 00000000 00:00 0 
7f632c000000-7f632c021000 rw-p 00000000 00:00 0 
7f632c021000-7f6330000000 ---p 00000000 00:00 0 
7f6330000000-7f633030c000 rw-p 00000000 00:00 0 
7f633030c000-7f6334000000 ---p 00000000 00:00 0 
7f6334000000-7f6334021000 rw-p 00000000 00:00 0 
7f6334021000-7f6338000000 ---p 00000000 00:00 0 
7f633bb6b000-7f633bb6c000 rw-p 00000000 00:00 0 
7f633bb6c000-7f633bb6f000 ---p 00000000 00:00 0 
7f633bb6f000-7f633bc6d000 rw-p 00000000 00:00 0 
7f633bc6d000-7f633bc6f000 r--s 00012000 08:06 408167                     /home/alonso/.m2/repository/com/google/appengine/appengine-java-sdk/1.9.4/appengine-java-sdk/appengine-java-sdk-1.9.4/lib/opt/tools/appengine-local-endpoints/v1/appengine-local-endpoints.jar
7f633bc6f000-7f633bc70000 r--s 00001000 08:06 8788101                    /home/alonso/LearnicaAPI/target/helloworld-1.0-SNAPSHOT/WEB-INF/lib/google-http-client-jackson2-1.21.0.jar
7f633bc70000-7f633bc9c000 r--s 001bb000 08:06 8788076                    /home/alonso/LearnicaAPI/target/helloworld-1.0-SNAPSHOT/WEB-INF/lib/appengine-endpoints-1.9.4.jar
7f633bc9c000-7f633bc9e000 r--s 0000d000 08:06 8788083                    /home/alonso/LearnicaAPI/target/helloworld-1.0-SNAPSHOT/WEB-INF/lib/google-oauth-client-1.21.0.jar
7f633bc9e000-7f633bca0000 r--s 00004000 08:06 8788109                    /home/alonso/LearnicaAPI/target/helloworld-1.0-SNAPSHOT/WEB-INF/lib/google-oauth-client-servlet-1.21.0.jar
7f633bca0000-7f633bca2000 r--s 0001f000 08:06 8788120                    /home/alonso/LearnicaAPI/target/helloworld-1.0-SNAPSHOT/WEB-INF/lib/servlet-api-2.5-20081211.jar
7f633bca2000-7f633bca6000 r--s 00028000 08:06 8788119                    /home/alonso/LearnicaAPI/target/helloworld-1.0-SNAPSHOT/WEB-INF/lib/jetty-util-6.1.26.jar
7f633bca6000-7f633bca7000 r--s 00001000 08:06 8788116                    /home/alonso/LearnicaAPI/target/helloworld-1.0-SNAPSHOT/WEB-INF/lib/google-oauth-client-jetty-1.11.0-beta.jar
7f633bca7000-7f633bca9000 r--s 0000d000 08:06 8788098                    /home/alonso/LearnicaAPI/target/helloworld-1.0-SNAPSHOT/WEB-INF/lib/commons-logging-1.1.1.jar
7f633bca9000-7f633bcab000 r--s 00001000 08:06 8788117                    /home/alonso/LearnicaAPI/target/helloworld-1.0-SNAPSHOT/WEB-INF/lib/google-oauth-client-java6-1.11.0-beta.jar
7f633bcab000-7f633bcad000 r--s 0000a000 08:06 8788099                    /home/alonso/LearnicaAPI/target/helloworld-1.0-SNAPSHOT/WEB-INF/lib/commons-codec-1.3.jar
7f633bcad000-7f633bcb3000 r--s 0002a000 08:06 8788111                    /home/alonso/LearnicaAPI/target/helloworld-1.0-SNAPSHOT/WEB-INF/lib/jdo2-api-2.3-eb.jar
7f633bcb3000-7f633bcb8000 r--s 0002b000 08:06 8787999                    /home/alonso/LearnicaAPI/target/helloworld-1.0-SNAPSHOT/WEB-INF/lib/google-api-client-1.21.0.jar
7f633bcb8000-7f633bcc0000 r--s 00040000 08:06 8788096                    /home/alonso/LearnicaAPI/target/helloworld-1.0-SNAPSHOT/WEB-INF/lib/httpclient-4.0.1.jar
7f633bcc0000-7f633bcef000 r--s 00215000 08:06 8788115                    /home/alonso/LearnicaAPI/target/helloworld-1.0-SNAPSHOT/WEB-INF/lib/core-1.47.1.jar
7f633bcef000-7f633bd18000 r--s 001ee000 08:06 8788079                    /home/alonso/LearnicaAPI/target/helloworld-1.0-SNAPSHOT/WEB-INF/lib/guava-14.0.1.jar
7f633bd18000-7f633bdfe000 r--s 00b89000 08:06 8788075                    /home/alonso/LearnicaAPI/target/helloworld-1.0-SNAPSHOT/WEB-INF/lib/appengine-api-1.0-sdk-1.9.4.jar
7f633bdfe000-7f633be01000 ---p 00000000 00:00 0 
7f633be01000-7f633beff000 rw-p 00000000 00:00 0 
7f633beff000-7f633bf02000 ---p 00000000 00:00 0 
7f633bf02000-7f633c000000 rw-p 00000000 00:00 0 
7f633c000000-7f633c021000 rw-p 00000000 00:00 0 
7f633c021000-7f6340000000 ---p 00000000 00:00 0 
7f6340000000-7f6340021000 rw-p 00000000 00:00 0 
7f6340021000-7f6344000000 ---p 00000000 00:00 0 
7f6344000000-7f6344021000 rw-p 00000000 00:00 0 
7f6344021000-7f6348000000 ---p 00000000 00:00 0 
7f6348000000-7f6348021000 rw-p 00000000 00:00 0 
7f6348021000-7f634c000000 ---p 00000000 00:00 0 
7f634c000000-7f634cdf7000 rw-p 00000000 00:00 0 
7f634cdf7000-7f6350000000 ---p 00000000 00:00 0 
7f6350000000-7f6351236000 rw-p 00000000 00:00 0 
7f6351236000-7f6354000000 ---p 00000000 00:00 0 
7f6354000000-7f6354021000 rw-p 00000000 00:00 0 
7f6354021000-7f6358000000 ---p 00000000 00:00 0 
7f6358000000-7f6358021000 rw-p 00000000 00:00 0 
7f6358021000-7f635c000000 ---p 00000000 00:00 0 
7f635c000000-7f635c021000 rw-p 00000000 00:00 0 
7f635c021000-7f6360000000 ---p 00000000 00:00 0 
7f6360000000-7f6360021000 rw-p 00000000 00:00 0 
7f6360021000-7f6364000000 ---p 00000000 00:00 0 
7f6364000000-7f6364021000 rw-p 00000000 00:00 0 
7f6364021000-7f6368000000 ---p 00000000 00:00 0 
7f6368000000-7f6368021000 rw-p 00000000 00:00 0 
7f6368021000-7f636c000000 ---p 00000000 00:00 0 
7f636c000000-7f636c021000 rw-p 00000000 00:00 0 
7f636c021000-7f6370000000 ---p 00000000 00:00 0 
7f6370000000-7f6370002000 r--s 00001000 08:06 8788105                    /home/alonso/LearnicaAPI/target/helloworld-1.0-SNAPSHOT/WEB-INF/lib/google-api-client-appengine-1.21.0.jar
7f6370002000-7f6370003000 r--s 00001000 08:06 8788108                    /home/alonso/LearnicaAPI/target/helloworld-1.0-SNAPSHOT/WEB-INF/lib/google-api-client-servlet-1.21.0.jar
7f6370003000-7f6370006000 r--s 00006000 08:06 8788100                    /home/alonso/LearnicaAPI/target/helloworld-1.0-SNAPSHOT/WEB-INF/lib/jsr305-1.3.9.jar
7f6370006000-7f637000c000 r--s 00059000 08:06 8788122                    /home/alonso/LearnicaAPI/target/helloworld-1.0-SNAPSHOT/WEB-INF/lib/mail-1.4.jar
7f637000c000-7f637000f000 r--s 0001b000 08:06 8788128                    /home/alonso/LearnicaAPI/target/helloworld-1.0-SNAPSHOT/WEB-INF/lib/xpp3-1.1.4c.jar
7f637000f000-7f6370016000 r--s 0003e000 08:06 8788127                    /home/alonso/LearnicaAPI/target/helloworld-1.0-SNAPSHOT/WEB-INF/lib/google-http-client-1.15.0-rc.jar
7f6370016000-7f637001a000 r--s 00035000 08:06 8788129                    /home/alonso/LearnicaAPI/target/helloworld-1.0-SNAPSHOT/WEB-INF/lib/jackson-core-asl-1.9.11.jar
7f637001a000-7f637001b000 r--s 00000000 08:06 8788077                    /home/alonso/LearnicaAPI/target/helloworld-1.0-SNAPSHOT/WEB-INF/lib/javax.inject-1.jar
7f637001b000-7f6370020000 r--s 0001d000 08:06 8788114                    /home/alonso/LearnicaAPI/target/helloworld-1.0-SNAPSHOT/WEB-INF/lib/google-api-services-sheets-v4-rev1-1.21.0.jar
7f6370020000-7f6370021000 r--s 00002000 08:06 8788110                    /home/alonso/LearnicaAPI/target/helloworld-1.0-SNAPSHOT/WEB-INF/lib/google-http-client-jdo-1.21.0.jar
7f6370021000-7f6370022000 r--s 00001000 08:06 8788125                    /home/alonso/LearnicaAPI/target/helloworld-1.0-SNAPSHOT/WEB-INF/lib/google-http-client-jackson-1.15.0-rc.jar
7f6370022000-7f6370029000 r--s 0003f000 08:06 8788095                    /home/alonso/LearnicaAPI/target/helloworld-1.0-SNAPSHOT/WEB-INF/lib/google-http-client-1.21.0.jar
7f6370029000-7f637002e000 r--s 00026000 08:06 8788097                    /home/alonso/LearnicaAPI/target/helloworld-1.0-SNAPSHOT/WEB-INF/lib/httpcore-4.0.1.jar
7f637002e000-7f6370037000 r--s 0004a000 08:06 8788078                    /home/alonso/LearnicaAPI/target/helloworld-1.0-SNAPSHOT/WEB-INF/lib/objectify-5.0.jar
7f6370037000-7f6370039000 r--s 00006000 08:06 8788121                    /home/alonso/LearnicaAPI/target/helloworld-1.0-SNAPSHOT/WEB-INF/lib/jsr305-1.3.7.jar
7f6370039000-7f6370040000 r--s 0007d000 08:06 8788118                    /home/alonso/LearnicaAPI/target/helloworld-1.0-SNAPSHOT/WEB-INF/lib/jetty-6.1.26.jar
7f6370040000-7f6370042000 r--s 0000e000 08:06 8788124                    /home/alonso/LearnicaAPI/target/helloworld-1.0-SNAPSHOT/WEB-INF/lib/activation-1.1.jar
7f6370042000-7f637006a000 r--s 001cf000 08:06 8788104                    /home/alonso/LearnicaAPI/target/helloworld-1.0-SNAPSHOT/WEB-INF/lib/guava-jdk5-17.0.jar
7f637006a000-7f637006e000 r--s 0002f000 08:06 8788102                    /home/alonso/LearnicaAPI/target/helloworld-1.0-SNAPSHOT/WEB-INF/lib/jackson-core-2.1.3.jar
7f637006e000-7f637007a000 r--s 00152000 08:06 408237                     /home/alonso/.m2/repository/com/google/appengine/appengine-java-sdk/1.9.4/appengine-java-sdk/appengine-java-sdk-1.9.4/lib/tools/jsp/repackaged-appengine-jasper-jdt-6.0.29.jar
7f637007a000-7f6370160000 r--s 00b89000 08:06 408160                     /home/alonso/.m2/repository/com/google/appengine/appengine-java-sdk/1.9.4/appengine-java-sdk/appengine-java-sdk-1.9.4/lib/impl/appengine-api.jar
7f6370160000-7f6374000000 rw-p 00000000 00:00 0 
7f6374000000-7f6374021000 rw-p 00000000 00:00 0 
7f6374021000-7f6378000000 ---p 00000000 00:00 0 
7f6378000000-7f637800a000 r--s 0004b000 08:06 408236                     /home/alonso/.m2/repository/com/google/appengine/appengine-java-sdk/1.9.4/appengine-java-sdk/appengine-java-sdk-1.9.4/lib/tools/jsp/repackaged-appengine-jakarta-standard-1.1.2.jar
7f637800a000-7f6378084000 r--s 0065b000 08:06 408161                     /home/alonso/.m2/repository/com/google/appengine/appengine-java-sdk/1.9.4/appengine-java-sdk/appengine-java-sdk-1.9.4/lib/impl/appengine-local-runtime.jar
7f6378084000-7f63780b3000 r--s 00d6f000 08:06 408158                     /home/alonso/.m2/repository/com/google/appengine/appengine-java-sdk/1.9.4/appengine-java-sdk/appengine-java-sdk-1.9.4/lib/impl/appengine-api-labs.jar
7f63780b3000-7f6378107000 r--s 00541000 08:06 408159                     /home/alonso/.m2/repository/com/google/appengine/appengine-java-sdk/1.9.4/appengine-java-sdk/appengine-java-sdk-1.9.4/lib/impl/appengine-api-stubs.jar
7f6378107000-7f637815c000 r--s 004aa000 08:06 408162                     /home/alonso/.m2/repository/com/google/appengine/appengine-java-sdk/1.9.4/appengine-java-sdk/appengine-java-sdk-1.9.4/lib/impl/google_sql.jar
7f637815c000-7f6378163000 r--s 0007a000 08:06 408226                     /home/alonso/.m2/repository/com/google/appengine/appengine-java-sdk/1.9.4/appengine-java-sdk/appengine-java-sdk-1.9.4/lib/shared/jsp/repackaged-appengine-jasper-6.0.29.jar
7f6378163000-7f6378166000 ---p 00000000 00:00 0 
7f6378166000-7f6378264000 rw-p 00000000 00:00 0 
7f6378264000-7f637827b000 r-xp 00000000 08:06 16908385                   /lib/x86_64-linux-gnu/libresolv-2.21.so
7f637827b000-7f637847b000 ---p 00017000 08:06 16908385                   /lib/x86_64-linux-gnu/libresolv-2.21.so
7f637847b000-7f637847c000 r--p 00017000 08:06 16908385                   /lib/x86_64-linux-gnu/libresolv-2.21.so
7f637847c000-7f637847d000 rw-p 00018000 08:06 16908385                   /lib/x86_64-linux-gnu/libresolv-2.21.so
7f637847d000-7f637847f000 rw-p 00000000 00:00 0 
7f637847f000-7f6378484000 r-xp 00000000 08:06 16908384                   /lib/x86_64-linux-gnu/libnss_dns-2.21.so
7f6378484000-7f6378683000 ---p 00005000 08:06 16908384                   /lib/x86_64-linux-gnu/libnss_dns-2.21.so
7f6378683000-7f6378684000 r--p 00004000 08:06 16908384                   /lib/x86_64-linux-gnu/libnss_dns-2.21.so
7f6378684000-7f6378685000 rw-p 00005000 08:06 16908384                   /lib/x86_64-linux-gnu/libnss_dns-2.21.so
7f6378685000-7f6378687000 r-xp 00000000 08:06 16914104                   /lib/x86_64-linux-gnu/libnss_mdns4_minimal.so.2
7f6378687000-7f6378886000 ---p 00002000 08:06 16914104                   /lib/x86_64-linux-gnu/libnss_mdns4_minimal.so.2
7f6378886000-7f6378887000 r--p 00001000 08:06 16914104                   /lib/x86_64-linux-gnu/libnss_mdns4_minimal.so.2
7f6378887000-7f6378888000 rw-p 00002000 08:06 16914104                   /lib/x86_64-linux-gnu/libnss_mdns4_minimal.so.2
7f6378888000-7f6378889000 r--s 00003000 08:06 8788112                    /home/alonso/LearnicaAPI/target/helloworld-1.0-SNAPSHOT/WEB-INF/lib/transaction-api-1.1.jar
7f6378889000-7f637888b000 r--s 00009000 08:06 408157                     /home/alonso/.m2/repository/com/google/appengine/appengine-java-sdk/1.9.4/appengine-java-sdk/appengine-java-sdk-1.9.4/lib/impl/agent/appengine-agentruntime.jar
7f637888b000-7f637888d000 r--s 00003000 08:06 408235                     /home/alonso/.m2/repository/com/google/appengine/appengine-java-sdk/1.9.4/appengine-java-sdk/appengine-java-sdk-1.9.4/lib/tools/jsp/repackaged-appengine-jakarta-jstl-1.1.2.jar
7f637888d000-7f63788a1000 r--s 0012b000 08:06 408224                     /home/alonso/.m2/repository/com/google/appengine/appengine-java-sdk/1.9.4/appengine-java-sdk/appengine-java-sdk-1.9.4/lib/shared/jsp/repackaged-appengine-ant-1.7.1.jar
7f63788a1000-7f63788b7000 r-xp 00000000 08:06 16914042                   /lib/x86_64-linux-gnu/libgcc_s.so.1
7f63788b7000-7f6378ab6000 ---p 00016000 08:06 16914042                   /lib/x86_64-linux-gnu/libgcc_s.so.1
7f6378ab6000-7f6378ab7000 r--p 00015000 08:06 16914042                   /lib/x86_64-linux-gnu/libgcc_s.so.1
7f6378ab7000-7f6378ab8000 rw-p 00016000 08:06 16914042                   /lib/x86_64-linux-gnu/libgcc_s.so.1
7f6378ab8000-7f6378aea000 r-xp 00000000 08:06 7871510                    /usr/lib/jvm/java-7-oracle/jre/lib/amd64/libsunec.so
7f6378aea000-7f6378ce9000 ---p 00032000 08:06 7871510                    /usr/lib/jvm/java-7-oracle/jre/lib/amd64/libsunec.so
7f6378ce9000-7f6378cef000 rw-p 00031000 08:06 7871510                    /usr/lib/jvm/java-7-oracle/jre/lib/amd64/libsunec.so
7f6378cef000-7f6379000000 rw-p 00000000 00:00 0 
7f6379000000-7f6379017000 r-xp 00000000 08:06 7871533                    /usr/lib/jvm/java-7-oracle/jre/lib/amd64/libnet.so
7f6379017000-7f6379216000 ---p 00017000 08:06 7871533                    /usr/lib/jvm/java-7-oracle/jre/lib/amd64/libnet.so
7f6379216000-7f6379217000 rw-p 00016000 08:06 7871533                    /usr/lib/jvm/java-7-oracle/jre/lib/amd64/libnet.so
7f6379217000-7f6379227000 r-xp 00000000 08:06 7871499                    /usr/lib/jvm/java-7-oracle/jre/lib/amd64/libnio.so
7f6379227000-7f6379427000 ---p 00010000 08:06 7871499                    /usr/lib/jvm/java-7-oracle/jre/lib/amd64/libnio.so
7f6379427000-7f6379428000 rw-p 00010000 08:06 7871499                    /usr/lib/jvm/java-7-oracle/jre/lib/amd64/libnio.so
7f6379428000-7f637942b000 ---p 00000000 00:00 0 
7f637942b000-7f6379529000 rw-p 00000000 00:00 0 
7f6379529000-7f637952a000 ---p 00000000 00:00 0 
7f637952a000-7f637962a000 rw-p 00000000 00:00 0 
7f637962a000-7f637962d000 ---p 00000000 00:00 0 
7f637962d000-7f637972b000 rw-p 00000000 00:00 0 
7f637972b000-7f637972e000 ---p 00000000 00:00 0 
7f637972e000-7f637982c000 rw-p 00000000 00:00 0 
7f637982c000-7f637982f000 ---p 00000000 00:00 0 
7f637982f000-7f637992d000 rw-p 00000000 00:00 0 
7f637992d000-7f63799c4000 r--s 00693000 08:06 407394                     /home/alonso/.m2/repository/com/google/appengine/appengine-java-sdk/1.9.4/appengine-java-sdk/appengine-java-sdk-1.9.4/lib/appengine-tools-api.jar
7f63799c4000-7f63799c7000 ---p 00000000 00:00 0 
7f63799c7000-7f6379ac5000 rw-p 00000000 00:00 0 
7f6379ac5000-7f637a1a7000 r--p 00000000 08:06 2369316                    /usr/lib/locale/locale-archive
7f637a1a7000-7f637a1aa000 ---p 00000000 00:00 0 
7f637a1aa000-7f637a2a8000 rw-p 00000000 00:00 0 
7f637a2a8000-7f637a2ab000 ---p 00000000 00:00 0 
7f637a2ab000-7f637a3a9000 rw-p 00000000 00:00 0 
7f637a3a9000-7f637a3aa000 ---p 00000000 00:00 0 
7f637a3aa000-7f637b3b9000 rw-p 00000000 00:00 0 
7f637b3b9000-7f637b579000 r--s 039fb000 08:06 7872181                    /usr/lib/jvm/java-7-oracle/jre/lib/rt.jar
7f637b579000-7f637ba34000 rw-p 00000000 00:00 0 
7f637ba34000-7f637ba35000 ---p 00000000 00:00 0 
7f637ba35000-7f637bb35000 rw-p 00000000 00:00 0 
7f637bb35000-7f637bb36000 ---p 00000000 00:00 0 
7f637bb36000-7f637bc36000 rw-p 00000000 00:00 0 
7f637bc36000-7f637bc37000 ---p 00000000 00:00 0 
7f637bc37000-7f637bd5f000 rw-p 00000000 00:00 0 
7f637bd5f000-7f637bfb8000 rw-p 00000000 00:00 0 
7f637bfb8000-7f637bfc3000 rw-p 00000000 00:00 0 
7f637bfc3000-7f637bfe1000 rw-p 00000000 00:00 0 
7f637bfe1000-7f637c009000 rw-p 00000000 00:00 0 
7f637c009000-7f637c261000 rw-p 00000000 00:00 0 
7f637c261000-7f637c285000 rw-p 00000000 00:00 0 
7f637c285000-7f637c3a2000 rw-p 00000000 00:00 0 
7f637c3a2000-7f637c3a3000 rw-p 00000000 00:00 0 
7f637c3a3000-7f637c613000 rwxp 00000000 00:00 0 
7f637c613000-7f637f3a3000 rw-p 00000000 00:00 0 
7f637f3a3000-7f637f3ba000 r-xp 00000000 08:06 7871528                    /usr/lib/jvm/java-7-oracle/jre/lib/amd64/libzip.so
7f637f3ba000-7f637f5ba000 ---p 00017000 08:06 7871528                    /usr/lib/jvm/java-7-oracle/jre/lib/amd64/libzip.so
7f637f5ba000-7f637f5bb000 rw-p 00017000 08:06 7871528                    /usr/lib/jvm/java-7-oracle/jre/lib/amd64/libzip.so
7f637f5bb000-7f637f5c5000 r-xp 00000000 08:06 16908293                   /lib/x86_64-linux-gnu/libnss_files-2.21.so
7f637f5c5000-7f637f7c5000 ---p 0000a000 08:06 16908293                   /lib/x86_64-linux-gnu/libnss_files-2.21.so
7f637f7c5000-7f637f7c6000 r--p 0000a000 08:06 16908293                   /lib/x86_64-linux-gnu/libnss_files-2.21.so
7f637f7c6000-7f637f7c7000 rw-p 0000b000 08:06 16908293                   /lib/x86_64-linux-gnu/libnss_files-2.21.so
7f637f7c7000-7f637f7d2000 r-xp 00000000 08:06 16908387                   /lib/x86_64-linux-gnu/libnss_nis-2.21.so
7f637f7d2000-7f637f9d1000 ---p 0000b000 08:06 16908387                   /lib/x86_64-linux-gnu/libnss_nis-2.21.so
7f637f9d1000-7f637f9d2000 r--p 0000a000 08:06 16908387                   /lib/x86_64-linux-gnu/libnss_nis-2.21.so
7f637f9d2000-7f637f9d3000 rw-p 0000b000 08:06 16908387                   /lib/x86_64-linux-gnu/libnss_nis-2.21.so
7f637f9d3000-7f637f9ea000 r-xp 00000000 08:06 16908390                   /lib/x86_64-linux-gnu/libnsl-2.21.so
7f637f9ea000-7f637fbe9000 ---p 00017000 08:06 16908390                   /lib/x86_64-linux-gnu/libnsl-2.21.so
7f637fbe9000-7f637fbea000 r--p 00016000 08:06 16908390                   /lib/x86_64-linux-gnu/libnsl-2.21.so
7f637fbea000-7f637fbeb000 rw-p 00017000 08:06 16908390                   /lib/x86_64-linux-gnu/libnsl-2.21.so
7f637fbeb000-7f637fbed000 rw-p 00000000 00:00 0 
7f637fbed000-7f637fbf5000 r-xp 00000000 08:06 16908306                   /lib/x86_64-linux-gnu/libnss_compat-2.21.so
7f637fbf5000-7f637fdf4000 ---p 00008000 08:06 16908306                   /lib/x86_64-linux-gnu/libnss_compat-2.21.so
7f637fdf4000-7f637fdf5000 r--p 00007000 08:06 16908306                   /lib/x86_64-linux-gnu/libnss_compat-2.21.so
7f637fdf5000-7f637fdf6000 rw-p 00008000 08:06 16908306                   /lib/x86_64-linux-gnu/libnss_compat-2.21.so
7f637fdf6000-7f637fe00000 r-xp 00000000 08:06 7871541                    /usr/lib/jvm/java-7-oracle/jre/lib/amd64/libinstrument.so
7f637fe00000-7f637ffff000 ---p 0000a000 08:06 7871541                    /usr/lib/jvm/java-7-oracle/jre/lib/amd64/libinstrument.so
7f637ffff000-7f6380000000 rw-p 00009000 08:06 7871541                    /usr/lib/jvm/java-7-oracle/jre/lib/amd64/libinstrument.so
7f6380000000-7f6380ac4000 rw-p 00000000 00:00 0 
7f6380ac4000-7f6384000000 ---p 00000000 00:00 0 
7f6384000000-7f6384001000 r--s 00001000 08:06 8788106                    /home/alonso/LearnicaAPI/target/helloworld-1.0-SNAPSHOT/WEB-INF/lib/google-oauth-client-appengine-1.21.0.jar
7f6384001000-7f6384004000 r--s 00014000 08:06 408229                     /home/alonso/.m2/repository/com/google/appengine/appengine-java-sdk/1.9.4/appengine-java-sdk/appengine-java-sdk-1.9.4/lib/shared/servlet-api.jar
7f6384004000-7f6384006000 r--s 00011000 08:06 408221                     /home/alonso/.m2/repository/com/google/appengine/appengine-java-sdk/1.9.4/appengine-java-sdk/appengine-java-sdk-1.9.4/lib/shared/jsp-api.jar
7f6384006000-7f6384079000 rw-p 00000000 00:00 0 
7f6384079000-7f638407a000 ---p 00000000 00:00 0 
7f638407a000-7f6384185000 rw-p 00000000 00:00 0 
7f6384185000-7f63841a3000 rw-p 00000000 00:00 0 
7f63841a3000-7f63841cc000 r-xp 00000000 08:06 7871494                    /usr/lib/jvm/java-7-oracle/jre/lib/amd64/libjava.so
7f63841cc000-7f63843cc000 ---p 00029000 08:06 7871494                    /usr/lib/jvm/java-7-oracle/jre/lib/amd64/libjava.so
7f63843cc000-7f63843ce000 rw-p 00029000 08:06 7871494                    /usr/lib/jvm/java-7-oracle/jre/lib/amd64/libjava.so
7f63843ce000-7f63843db000 r-xp 00000000 08:06 7871521                    /usr/lib/jvm/java-7-oracle/jre/lib/amd64/libverify.so
7f63843db000-7f63845da000 ---p 0000d000 08:06 7871521                    /usr/lib/jvm/java-7-oracle/jre/lib/amd64/libverify.so
7f63845da000-7f63845dc000 rw-p 0000c000 08:06 7871521                    /usr/lib/jvm/java-7-oracle/jre/lib/amd64/libverify.so
7f63845dc000-7f63845e3000 r-xp 00000000 08:06 16908302                   /lib/x86_64-linux-gnu/librt-2.21.so
7f63845e3000-7f63847e2000 ---p 00007000 08:06 16908302                   /lib/x86_64-linux-gnu/librt-2.21.so
7f63847e2000-7f63847e3000 r--p 00006000 08:06 16908302                   /lib/x86_64-linux-gnu/librt-2.21.so
7f63847e3000-7f63847e4000 rw-p 00007000 08:06 16908302                   /lib/x86_64-linux-gnu/librt-2.21.so
7f63847e4000-7f63848eb000 r-xp 00000000 08:06 16908313                   /lib/x86_64-linux-gnu/libm-2.21.so
7f63848eb000-7f6384aea000 ---p 00107000 08:06 16908313                   /lib/x86_64-linux-gnu/libm-2.21.so
7f6384aea000-7f6384aeb000 r--p 00106000 08:06 16908313                   /lib/x86_64-linux-gnu/libm-2.21.so
7f6384aeb000-7f6384aec000 rw-p 00107000 08:06 16908313                   /lib/x86_64-linux-gnu/libm-2.21.so
7f6384aec000-7f6385662000 r-xp 00000000 08:06 7871548                    /usr/lib/jvm/java-7-oracle/jre/lib/amd64/server/libjvm.so
7f6385662000-7f6385861000 ---p 00b76000 08:06 7871548                    /usr/lib/jvm/java-7-oracle/jre/lib/amd64/server/libjvm.so
7f6385861000-7f6385925000 rw-p 00b75000 08:06 7871548                    /usr/lib/jvm/java-7-oracle/jre/lib/amd64/server/libjvm.so
7f6385925000-7f6385966000 rw-p 00000000 00:00 0 
7f6385966000-7f6385b26000 r-xp 00000000 08:06 16913907                   /lib/x86_64-linux-gnu/libc-2.21.so
7f6385b26000-7f6385d26000 ---p 001c0000 08:06 16913907                   /lib/x86_64-linux-gnu/libc-2.21.so
7f6385d26000-7f6385d2a000 r--p 001c0000 08:06 16913907                   /lib/x86_64-linux-gnu/libc-2.21.so
7f6385d2a000-7f6385d2c000 rw-p 001c4000 08:06 16913907                   /lib/x86_64-linux-gnu/libc-2.21.so
7f6385d2c000-7f6385d30000 rw-p 00000000 00:00 0 
7f6385d30000-7f6385d33000 r-xp 00000000 08:06 16908380                   /lib/x86_64-linux-gnu/libdl-2.21.so
7f6385d33000-7f6385f32000 ---p 00003000 08:06 16908380                   /lib/x86_64-linux-gnu/libdl-2.21.so
7f6385f32000-7f6385f33000 r--p 00002000 08:06 16908380                   /lib/x86_64-linux-gnu/libdl-2.21.so
7f6385f33000-7f6385f34000 rw-p 00003000 08:06 16908380                   /lib/x86_64-linux-gnu/libdl-2.21.so
7f6385f34000-7f6385f49000 r-xp 00000000 08:06 7871540                    /usr/lib/jvm/java-7-oracle/jre/lib/amd64/jli/libjli.so
7f6385f49000-7f6386148000 ---p 00015000 08:06 7871540                    /usr/lib/jvm/java-7-oracle/jre/lib/amd64/jli/libjli.so
7f6386148000-7f6386149000 rw-p 00014000 08:06 7871540                    /usr/lib/jvm/java-7-oracle/jre/lib/amd64/jli/libjli.so
7f6386149000-7f6386161000 r-xp 00000000 08:06 16908377                   /lib/x86_64-linux-gnu/libpthread-2.21.so
7f6386161000-7f6386361000 ---p 00018000 08:06 16908377                   /lib/x86_64-linux-gnu/libpthread-2.21.so
7f6386361000-7f6386362000 r--p 00018000 08:06 16908377                   /lib/x86_64-linux-gnu/libpthread-2.21.so
7f6386362000-7f6386363000 rw-p 00019000 08:06 16908377                   /lib/x86_64-linux-gnu/libpthread-2.21.so
7f6386363000-7f6386367000 rw-p 00000000 00:00 0 
7f6386367000-7f638638b000 r-xp 00000000 08:06 16908391                   /lib/x86_64-linux-gnu/ld-2.21.so
7f638638b000-7f638638c000 r--s 00003000 08:06 8788107                    /home/alonso/LearnicaAPI/target/helloworld-1.0-SNAPSHOT/WEB-INF/lib/google-http-client-appengine-1.21.0.jar
7f638638c000-7f638638d000 r--s 00006000 08:06 408228                     /home/alonso/.m2/repository/com/google/appengine/appengine-java-sdk/1.9.4/appengine-java-sdk/appengine-java-sdk-1.9.4/lib/shared/jsp/repackaged-appengine-tomcat-juli-6.0.29.jar
7f638638d000-7f6386390000 r--s 00018000 08:06 408227                     /home/alonso/.m2/repository/com/google/appengine/appengine-java-sdk/1.9.4/appengine-java-sdk/appengine-java-sdk-1.9.4/lib/shared/jsp/repackaged-appengine-jasper-el-6.0.29.jar
7f6386390000-7f6386391000 r--s 00002000 08:06 408225                     /home/alonso/.m2/repository/com/google/appengine/appengine-java-sdk/1.9.4/appengine-java-sdk/appengine-java-sdk-1.9.4/lib/shared/jsp/repackaged-appengine-ant-launcher-1.7.1.jar
7f6386391000-7f6386395000 r--s 00039000 08:06 408219                     /home/alonso/.m2/repository/com/google/appengine/appengine-java-sdk/1.9.4/appengine-java-sdk/appengine-java-sdk-1.9.4/lib/shared/appengine-local-runtime-shared.jar
7f6386395000-7f6386397000 r--s 00006000 08:06 408220                     /home/alonso/.m2/repository/com/google/appengine/appengine-java-sdk/1.9.4/appengine-java-sdk/appengine-java-sdk-1.9.4/lib/shared/el-api.jar
7f6386397000-7f63863a1000 r--s 00253000 08:06 7871576                    /usr/lib/jvm/java-7-oracle/jre/lib/resources.jar
7f63863a1000-7f63863a5000 r--s 000f7000 08:06 7872136                    /usr/lib/jvm/java-7-oracle/jre/lib/ext/localedata.jar
7f63863a5000-7f63863a9000 r--s 0002d000 08:06 7872135                    /usr/lib/jvm/java-7-oracle/jre/lib/ext/sunjce_provider.jar
7f63863a9000-7f63863aa000 r--s 00003000 08:06 7872133                    /usr/lib/jvm/java-7-oracle/jre/lib/ext/sunec.jar
7f63863aa000-7f63863b4000 rw-p 00000000 00:00 0 
7f63863b4000-7f638646a000 rw-p 00000000 00:00 0 
7f638646a000-7f638646d000 ---p 00000000 00:00 0 
7f638646d000-7f638656f000 rw-p 00000000 00:00 0 
7f638656f000-7f6386572000 r--s 00019000 08:06 7872102                    /usr/lib/jvm/java-7-oracle/jre/lib/jce.jar
7f6386572000-7f6386576000 r--s 0008b000 08:06 7872125                    /usr/lib/jvm/java-7-oracle/jre/lib/jsse.jar
7f6386576000-7f638657b000 r--s 00053000 08:06 408154                     /home/alonso/.m2/repository/com/google/appengine/appengine-java-sdk/1.9.4/appengine-java-sdk/appengine-java-sdk-1.9.4/lib/agent/appengine-agentimpl.jar
7f638657b000-7f638657d000 r--s 00003000 08:06 408153                     /home/alonso/.m2/repository/com/google/appengine/appengine-java-sdk/1.9.4/appengine-java-sdk/appengine-java-sdk-1.9.4/lib/agent/appengine-agent.jar
7f638657d000-7f638657e000 r--s 00000000 08:06 408216                     /home/alonso/.m2/repository/com/google/appengine/appengine-java-sdk/1.9.4/appengine-java-sdk/appengine-java-sdk-1.9.4/lib/override/appengine-dev-jdk-overrides.jar
7f638657e000-7f6386586000 rw-s 00000000 08:06 428498                     /tmp/hsperfdata_alonso/10965
7f6386586000-7f6386587000 rw-p 00000000 00:00 0 
7f6386587000-7f6386588000 r--p 00000000 00:00 0 
7f6386588000-7f638658a000 rw-p 00000000 00:00 0 
7f638658a000-7f638658b000 r--p 00023000 08:06 16908391                   /lib/x86_64-linux-gnu/ld-2.21.so
7f638658b000-7f638658c000 rw-p 00024000 08:06 16908391                   /lib/x86_64-linux-gnu/ld-2.21.so
7f638658c000-7f638658d000 rw-p 00000000 00:00 0 
7fff24eaa000-7fff24ecc000 rw-p 00000000 00:00 0                          [stack]
7fff24f93000-7fff24f95000 r--p 00000000 00:00 0                          [vvar]
7fff24f95000-7fff24f97000 r-xp 00000000 00:00 0                          [vdso]
ffffffffff600000-ffffffffff601000 r-xp 00000000 00:00 0                  [vsyscall]

VM Arguments:
jvm_args: -javaagent:/home/alonso/.m2/repository/com/google/appengine/appengine-java-sdk/1.9.4/appengine-java-sdk/appengine-java-sdk-1.9.4/lib/agent/appengine-agent.jar -Xbootclasspath/p:/home/alonso/.m2/repository/com/google/appengine/appengine-java-sdk/1.9.4/appengine-java-sdk/appengine-java-sdk-1.9.4/lib/override/appengine-dev-jdk-overrides.jar -Dappengine.fullscan.seconds=5 
java_command: com.google.appengine.tools.development.DevAppServerMain --allow_remote_shutdown /home/alonso/LearnicaAPI/target/helloworld-1.0-SNAPSHOT
Launcher Type: SUN_STANDARD

Environment Variables:
JAVA_HOME=/usr/lib/jvm/java-7-oracle/
PATH=/home/alonso/bin:/home/alonso/.atom/packages/platformio-ide/penv/bin:/home/alonso/bin:/usr/local/sbin:/usr/local/bin:/usr/sbin:/usr/bin:/sbin:/bin:/usr/games:/usr/local/games:/usr/local/bin:/home/alonso/Android/Sdk/add-ons:/home/alonso/Android/Sdk/build-tools:/home/alonso/Android/Sdk/extras:/home/alonso/Android/Sdk/platforms:/home/alonso/Android/Sdk/platform-tools:/home/alonso/Android/Sdk/samples:/home/alonso/Android/Sdk/sources:/home/alonso/Android/Sdk/system-images:/home/alonso/Android/Sdk/temp:/home/alonso/Android/Sdk/tools:/home/alonso/.local/bin:/home/alonso/.bin/google_appengine:/usr/local/go/bin:/home/alonso/bin/repo:/home/alonso/Linux/tools/arm-bcm2708/gcc-linaro-arm-linux-gnueabihf-raspbian-x64/bin
USERNAME=alonso
SHELL=/bin/bash
DISPLAY=:1

Signal Handlers:
SIGSEGV: [libjvm.so+0x9a3b20], sa_mask[0]=0x7ffbfeff, sa_flags=0x10000004
SIGBUS: [libjvm.so+0x9a3b20], sa_mask[0]=0x7ffbfeff, sa_flags=0x10000004
SIGFPE: [libjvm.so+0x81e740], sa_mask[0]=0x7ffbfeff, sa_flags=0x10000004
SIGPIPE: [libjvm.so+0x81e740], sa_mask[0]=0x7ffbfeff, sa_flags=0x10000004
SIGXFSZ: [libjvm.so+0x81e740], sa_mask[0]=0x7ffbfeff, sa_flags=0x10000004
SIGILL: [libjvm.so+0x81e740], sa_mask[0]=0x7ffbfeff, sa_flags=0x10000004
SIGUSR1: SIG_DFL, sa_mask[0]=0x00000000, sa_flags=0x00000000
SIGUSR2: [libjvm.so+0x81ffb0], sa_mask[0]=0x00000004, sa_flags=0x10000004
SIGHUP: [libjvm.so+0x8210d0], sa_mask[0]=0x7ffbfeff, sa_flags=0x10000004
SIGINT: [libjvm.so+0x8210d0], sa_mask[0]=0x7ffbfeff, sa_flags=0x10000004
SIGTERM: [libjvm.so+0x8210d0], sa_mask[0]=0x7ffbfeff, sa_flags=0x10000004
SIGQUIT: [libjvm.so+0x8210d0], sa_mask[0]=0x7ffbfeff, sa_flags=0x10000004


---------------  S Y S T E M  ---------------

OS:jessie/sid

uname:Linux 4.2.0-42-generic #49-Ubuntu SMP Tue Jun 28 21:26:26 UTC 2016 x86_64
libc:glibc 2.21 NPTL 2.21 
rlimit: STACK 8192k, CORE 0k, NPROC 30608, NOFILE 65536, AS infinity
load average:2.29 2.00 1.91

/proc/meminfo:
MemTotal:        7872412 kB
MemFree:         1283632 kB
MemAvailable:    2879936 kB
Buffers:          815636 kB
Cached:          1473876 kB
SwapCached:          344 kB
Active:          4610772 kB
Inactive:        1603076 kB
Active(anon):    3511488 kB
Inactive(anon):  1002164 kB
Active(file):    1099284 kB
Inactive(file):   600912 kB
Unevictable:         108 kB
Mlocked:             108 kB
SwapTotal:      18614268 kB
SwapFree:       18612612 kB
Dirty:              1648 kB
Writeback:         26208 kB
AnonPages:       3924060 kB
Mapped:           717548 kB
Shmem:            589344 kB
Slab:             185368 kB
SReclaimable:     130088 kB
SUnreclaim:        55280 kB
KernelStack:       14656 kB
PageTables:        83832 kB
NFS_Unstable:          0 kB
Bounce:                0 kB
WritebackTmp:          0 kB
CommitLimit:    22550472 kB
Committed_AS:   14078948 kB
VmallocTotal:   34359738367 kB
VmallocUsed:      577604 kB
VmallocChunk:   34358423548 kB
HardwareCorrupted:     0 kB
AnonHugePages:   1136640 kB
CmaTotal:              0 kB
CmaFree:               0 kB
HugePages_Total:       0
HugePages_Free:        0
HugePages_Rsvd:        0
HugePages_Surp:        0
Hugepagesize:       2048 kB
DirectMap4k:      270240 kB
DirectMap2M:     7813120 kB
DirectMap1G:     1048576 kB


CPU:total 4 (2 cores per cpu, 2 threads per core) family 6 model 78 stepping 3, cmov, cx8, fxsr, mmx, sse, sse2, sse3, ssse3, sse4.1, sse4.2, popcnt, avx, avx2, aes, erms, ht, tsc, tscinvbit

/proc/cpuinfo:
processor	: 0
vendor_id	: GenuineIntel
cpu family	: 6
model		: 78
model name	: Intel(R) Core(TM) i7-6500U CPU @ 2.50GHz
stepping	: 3
microcode	: 0x33
cpu MHz		: 2794.187
cache size	: 4096 KB
physical id	: 0
siblings	: 4
core id		: 0
cpu cores	: 2
apicid		: 0
initial apicid	: 0
fpu		: yes
fpu_exception	: yes
cpuid level	: 22
wp		: yes
flags		: fpu vme de pse tsc msr pae mce cx8 apic sep mtrr pge mca cmov pat pse36 clflush dts acpi mmx fxsr sse sse2 ss ht tm pbe syscall nx pdpe1gb rdtscp lm constant_tsc arch_perfmon pebs bts rep_good nopl xtopology nonstop_tsc aperfmperf eagerfpu pni pclmulqdq dtes64 monitor ds_cpl vmx est tm2 ssse3 fma cx16 xtpr pdcm pcid sse4_1 sse4_2 x2apic movbe popcnt tsc_deadline_timer aes xsave avx f16c rdrand lahf_lm abm 3dnowprefetch ida arat epb pln pts dtherm hwp hwp_noitfy hwp_act_window hwp_epp intel_pt tpr_shadow vnmi flexpriority ept vpid fsgsbase tsc_adjust bmi1 avx2 smep bmi2 erms invpcid mpx rdseed adx smap clflushopt xsaveopt xsavec xgetbv1
bugs		:
bogomips	: 5184.06
clflush size	: 64
cache_alignment	: 64
address sizes	: 39 bits physical, 48 bits virtual
power management:

processor	: 1
vendor_id	: GenuineIntel
cpu family	: 6
model		: 78
model name	: Intel(R) Core(TM) i7-6500U CPU @ 2.50GHz
stepping	: 3
microcode	: 0x33
cpu MHz		: 2794.187
cache size	: 4096 KB
physical id	: 0
siblings	: 4
core id		: 1
cpu cores	: 2
apicid		: 2
initial apicid	: 2
fpu		: yes
fpu_exception	: yes
cpuid level	: 22
wp		: yes
flags		: fpu vme de pse tsc msr pae mce cx8 apic sep mtrr pge mca cmov pat pse36 clflush dts acpi mmx fxsr sse sse2 ss ht tm pbe syscall nx pdpe1gb rdtscp lm constant_tsc arch_perfmon pebs bts rep_good nopl xtopology nonstop_tsc aperfmperf eagerfpu pni pclmulqdq dtes64 monitor ds_cpl vmx est tm2 ssse3 fma cx16 xtpr pdcm pcid sse4_1 sse4_2 x2apic movbe popcnt tsc_deadline_timer aes xsave avx f16c rdrand lahf_lm abm 3dnowprefetch ida arat epb pln pts dtherm hwp hwp_noitfy hwp_act_window hwp_epp intel_pt tpr_shadow vnmi flexpriority ept vpid fsgsbase tsc_adjust bmi1 avx2 smep bmi2 erms invpcid mpx rdseed adx smap clflushopt xsaveopt xsavec xgetbv1
bugs		:
bogomips	: 5184.06
clflush size	: 64
cache_alignment	: 64
address sizes	: 39 bits physical, 48 bits virtual
power management:

processor	: 2
vendor_id	: GenuineIntel
cpu family	: 6
model		: 78
model name	: Intel(R) Core(TM) i7-6500U CPU @ 2.50GHz
stepping	: 3
microcode	: 0x33
cpu MHz		: 2794.187
cache size	: 4096 KB
physical id	: 0
siblings	: 4
core id		: 0
cpu cores	: 2
apicid		: 1
initial apicid	: 1
fpu		: yes
fpu_exception	: yes
cpuid level	: 22
wp		: yes
flags		: fpu vme de pse tsc msr pae mce cx8 apic sep mtrr pge mca cmov pat pse36 clflush dts acpi mmx fxsr sse sse2 ss ht tm pbe syscall nx pdpe1gb rdtscp lm constant_tsc arch_perfmon pebs bts rep_good nopl xtopology nonstop_tsc aperfmperf eagerfpu pni pclmulqdq dtes64 monitor ds_cpl vmx est tm2 ssse3 fma cx16 xtpr pdcm pcid sse4_1 sse4_2 x2apic movbe popcnt tsc_deadline_timer aes xsave avx f16c rdrand lahf_lm abm 3dnowprefetch ida arat epb pln pts dtherm hwp hwp_noitfy hwp_act_window hwp_epp intel_pt tpr_shadow vnmi flexpriority ept vpid fsgsbase tsc_adjust bmi1 avx2 smep bmi2 erms invpcid mpx rdseed adx smap clflushopt xsaveopt xsavec xgetbv1
bugs		:
bogomips	: 5184.06
clflush size	: 64
cache_alignment	: 64
address sizes	: 39 bits physical, 48 bits virtual
power management:

processor	: 3
vendor_id	: GenuineIntel
cpu family	: 6
model		: 78
model name	: Intel(R) Core(TM) i7-6500U CPU @ 2.50GHz
stepping	: 3
microcode	: 0x33
cpu MHz		: 2794.187
cache size	: 4096 KB
physical id	: 0
siblings	: 4
core id		: 1
cpu cores	: 2
apicid		: 3
initial apicid	: 3
fpu		: yes
fpu_exception	: yes
cpuid level	: 22
wp		: yes
flags		: fpu vme de pse tsc msr pae mce cx8 apic sep mtrr pge mca cmov pat pse36 clflush dts acpi mmx fxsr sse sse2 ss ht tm pbe syscall nx pdpe1gb rdtscp lm constant_tsc arch_perfmon pebs bts rep_good nopl xtopology nonstop_tsc aperfmperf eagerfpu pni pclmulqdq dtes64 monitor ds_cpl vmx est tm2 ssse3 fma cx16 xtpr pdcm pcid sse4_1 sse4_2 x2apic movbe popcnt tsc_deadline_timer aes xsave avx f16c rdrand lahf_lm abm 3dnowprefetch ida arat epb pln pts dtherm hwp hwp_noitfy hwp_act_window hwp_epp intel_pt tpr_shadow vnmi flexpriority ept vpid fsgsbase tsc_adjust bmi1 avx2 smep bmi2 erms invpcid mpx rdseed adx smap clflushopt xsaveopt xsavec xgetbv1
bugs		:
bogomips	: 5184.06
clflush size	: 64
cache_alignment	: 64
address sizes	: 39 bits physical, 48 bits virtual
power management:



Memory: 4k page, physical 7872412k(1283632k free), swap 18614268k(18612612k free)

vm_info: Java HotSpot(TM) 64-Bit Server VM (24.80-b11) for linux-amd64 JRE (1.7.0_80-b15), built on Apr 10 2015 19:53:14 by "java_re" with gcc 4.3.0 20080428 (Red Hat 4.3.0-8)

time: Thu Jul 28 14:30:04 2016
elapsed time: 58 seconds

